<?xml version="1.0" encoding="utf-8" standalone="no"?>
<!--This file represents the results of running a test suite-->
<test-results name="C:\Users\user\Documents\GitHub\PersonalBudgeting\PersonalBudgeting.Tests\bin\Debug\PersonalBudgeting.Tests.dll" total="1" errors="0" failures="1" not-run="0" inconclusive="0" ignored="0" skipped="0" invalid="0" date="2014-06-26" time="17:44:44">
  <environment nunit-version="2.6.3.13283" clr-version="2.0.50727.5477" os-version="Microsoft Windows NT 6.1.7601 Service Pack 1" platform="Win32NT" cwd="C:\Program Files (x86)\NUnit 2.6.3\bin" machine-name="PBIO-2331" user="user" user-domain="PBIO-2331" />
  <culture-info current-culture="en-US" current-uiculture="en-US" />
  <test-suite type="Assembly" name="C:\Users\user\Documents\GitHub\PersonalBudgeting\PersonalBudgeting.Tests\bin\Debug\PersonalBudgeting.Tests.dll" executed="True" result="Failure" success="False" time="0.003" asserts="0">
    <results>
      <test-suite type="Namespace" name="PersonalBudgeting" executed="True" result="Failure" success="False" time="0.003" asserts="0">
        <results>
          <test-suite type="Namespace" name="Tests" executed="True" result="Failure" success="False" time="0.003" asserts="0">
            <results>
              <test-suite type="TestFixture" name="RealLifeScenariosTests" executed="True" result="Failure" success="False" time="0.002" asserts="0">
                <results>
                  <test-case name="PersonalBudgeting.Tests.RealLifeScenariosTests.TestTransferWalletTableItemToMainGoal_" executed="True" result="Failure" success="False" time="0.001" asserts="2">
                    <failure>
                      <message><![CDATA[  Expected: 35
  But was:  -9580.3846153846152d
]]></message>
                      <stack-trace><![CDATA[at PersonalBudgeting.Tests.RealLifeScenariosTests.TestTransferWalletTableItemToMainGoal_() in c:\Users\user\Documents\GitHub\PersonalBudgeting\PersonalBudgeting.Tests\RealLifeScenariosTests.cs:line 84
]]></stack-trace>
                    </failure>
                  </test-case>
                </results>
              </test-suite>
            </results>
          </test-suite>
        </results>
      </test-suite>
    </results>
  </test-suite>
</test-results>