<?xml version="1.0" encoding="utf-8" standalone="no"?>
<!--This file represents the results of running a test suite-->
<test-results name="C:\Users\User\Documents\GitHub\PersonalBudgeting\PersonalBudgeting.Tests\bin\Debug\PersonalBudgeting.Tests.dll" total="62" errors="0" failures="0" not-run="0" inconclusive="0" ignored="0" skipped="0" invalid="0" date="2014-06-26" time="14:04:34">
  <environment nunit-version="2.6.3.13283" clr-version="2.0.50727.5477" os-version="Microsoft Windows NT 6.1.7601 Service Pack 1" platform="Win32NT" cwd="C:\Program Files (x86)\NUnit 2.6.3\bin" machine-name="PBIO-2355" user="User" user-domain="PBIO-2355" />
  <culture-info current-culture="en-US" current-uiculture="en-US" />
  <test-suite type="Assembly" name="C:\Users\User\Documents\GitHub\PersonalBudgeting\PersonalBudgeting.Tests\bin\Debug\PersonalBudgeting.Tests.dll" executed="True" result="Success" success="True" time="0.209" asserts="0">
    <results>
      <test-suite type="Namespace" name="PersonalBudgeting" executed="True" result="Success" success="True" time="0.208" asserts="0">
        <results>
          <test-suite type="Namespace" name="Tests" executed="True" result="Success" success="True" time="0.207" asserts="0">
            <results>
              <test-suite type="TestFixture" name="FunctionalityTests" executed="True" result="Success" success="True" time="0.006" asserts="0">
                <results>
                  <test-case name="PersonalBudgeting.Tests.FunctionalityTests.TestSavingsForPersonalUseinBankAccountForThreePaysAndFourWithdrawals" executed="True" result="Success" success="True" time="0.002" asserts="8" />
                </results>
              </test-suite>
              <test-suite type="TestFixture" name="RealLifeScenario3" executed="True" result="Success" success="True" time="0.008" asserts="0">
                <results>
                  <test-case name="PersonalBudgeting.Tests.RealLifeScenario3.TesttickOffWalletTable_TickOffAnItem" executed="True" result="Success" success="True" time="0.006" asserts="1" />
                </results>
              </test-suite>
              <test-suite type="TestFixture" name="RealLifeScenarios2" executed="True" result="Success" success="True" time="0.001" asserts="0">
                <results>
                  <test-case name="PersonalBudgeting.Tests.RealLifeScenarios2.AddIncomeForTwoCasualWorkers" executed="True" result="Success" success="True" time="0.000" asserts="5" />
                </results>
              </test-suite>
              <test-suite type="TestFixture" name="RealLifeScenariosTests" executed="True" result="Success" success="True" time="0.007" asserts="0">
                <results>
                  <test-case name="PersonalBudgeting.Tests.RealLifeScenariosTests.Test" executed="True" result="Success" success="True" time="0.000" asserts="0" />
                  <test-case name="PersonalBudgeting.Tests.RealLifeScenariosTests.TestCalculateBudget_NormalScenario_Successful" executed="True" result="Success" success="True" time="0.004" asserts="6" />
                </results>
              </test-suite>
              <test-suite type="TestFixture" name="TestsAccuracyOfDALValues" executed="True" result="Success" success="True" time="0.020" asserts="0">
                <results>
                  <test-case name="PersonalBudgeting.Tests.TestsAccuracyOfDALValues.TestGetAmountAvailableForGoalsPerYear" executed="True" result="Success" success="True" time="0.000" asserts="1" />
                  <test-case name="PersonalBudgeting.Tests.TestsAccuracyOfDALValues.TestgetGrossIncomePerYearFor12Months" executed="True" result="Success" success="True" time="0.000" asserts="1" />
                  <test-case name="PersonalBudgeting.Tests.TestsAccuracyOfDALValues.TestgetNetIncomePerYear" executed="True" result="Success" success="True" time="0.001" asserts="1" />
                  <test-case name="PersonalBudgeting.Tests.TestsAccuracyOfDALValues.TestGetTotalExpenditure" executed="True" result="Success" success="True" time="0.000" asserts="1" />
                  <test-case name="PersonalBudgeting.Tests.TestsAccuracyOfDALValues.TestGetTotalExpenditurePerYear" executed="True" result="Success" success="True" time="0.000" asserts="1" />
                  <test-case name="PersonalBudgeting.Tests.TestsAccuracyOfDALValues.TestTickAllWalletTableItemsEmptyList" executed="True" result="Success" success="True" time="0.005" asserts="0" />
                  <test-case name="PersonalBudgeting.Tests.TestsAccuracyOfDALValues.TestVerifyTotalIncome" executed="True" result="Success" success="True" time="0.000" asserts="1" />
                </results>
              </test-suite>
              <test-suite type="TestFixture" name="TestsLogicOfBudget" executed="True" result="Success" success="True" time="0.150" asserts="0">
                <results>
                  <test-case name="PersonalBudgeting.Tests.TestsLogicOfBudget.TestaddToSavingsForExpenses_SaveForExpensesinListOfExpenditure_SavingsForExpenseCorrectValue" executed="True" result="Success" success="True" time="0.001" asserts="1" />
                  <test-case name="PersonalBudgeting.Tests.TestsLogicOfBudget.TestAddToSavingsForGoals_AddAnAmountToSavings_AmountisAdded" executed="True" result="Success" success="True" time="0.001" asserts="1" />
                  <test-case name="PersonalBudgeting.Tests.TestsLogicOfBudget.TestCalculateGrossIncome_EmptyIncomeList_ReturnZero" executed="True" result="Success" success="True" time="0.000" asserts="1" />
                  <test-case name="PersonalBudgeting.Tests.TestsLogicOfBudget.TestgetAmountAvailableForGoalsPerPayListOfExpenditureEmpty" executed="True" result="Success" success="True" time="0.001" asserts="0" />
                  <test-case name="PersonalBudgeting.Tests.TestsLogicOfBudget.TestgetAmountAvailableForGoalsPerPayListOfIncomeEmpty" executed="True" result="Success" success="True" time="0.001" asserts="0" />
                  <test-case name="PersonalBudgeting.Tests.TestsLogicOfBudget.TestgetAmountAvailableForGoalsPerPayNumberOFPayequalzero" executed="True" result="Success" success="True" time="0.001" asserts="0" />
                  <test-case name="PersonalBudgeting.Tests.TestsLogicOfBudget.TestgetAmountAvailableForGoalsPerPayNumberOFPaylessthanzero" executed="True" result="Success" success="True" time="0.001" asserts="0" />
                  <test-case name="PersonalBudgeting.Tests.TestsLogicOfBudget.TestgetAmountAvailableForGoalsPerYearEmptyExpenditureList" executed="True" result="Success" success="True" time="0.000" asserts="0" />
                  <test-case name="PersonalBudgeting.Tests.TestsLogicOfBudget.TestgetAmountAvailableForGoalsPerYearEmptyIncomeList" executed="True" result="Success" success="True" time="0.000" asserts="0" />
                  <test-case name="PersonalBudgeting.Tests.TestsLogicOfBudget.TestgetAmountAvailableForGoalsPerYearInvalidSuperannuationRate" executed="True" result="Success" success="True" time="0.001" asserts="0" />
                  <test-case name="PersonalBudgeting.Tests.TestsLogicOfBudget.TestgetAmountAvailableForGoalsPerYearInvalidTaxRate" executed="True" result="Success" success="True" time="0.001" asserts="0" />
                  <test-case name="PersonalBudgeting.Tests.TestsLogicOfBudget.TestgetAmountAvailableForGoalsPerYearNegativePayPeriods" executed="True" result="Success" success="True" time="0.001" asserts="0" />
                  <test-case name="PersonalBudgeting.Tests.TestsLogicOfBudget.TestgetAmountAvailableForGoalsPerYearNullExpenditureList" executed="True" result="Success" success="True" time="0.001" asserts="0" />
                  <test-case name="PersonalBudgeting.Tests.TestsLogicOfBudget.TestgetAmountAvailableForGoalsPerYearNullIncomeList" executed="True" result="Success" success="True" time="0.001" asserts="0" />
                  <test-case name="PersonalBudgeting.Tests.TestsLogicOfBudget.TestgetAmountAvailableForGoalsPerYearZeroPayPeriods" executed="True" result="Success" success="True" time="0.001" asserts="0" />
                  <test-case name="PersonalBudgeting.Tests.TestsLogicOfBudget.TestgetGrossIncomePerYear_EmptyIncomeList_ReturnZero" executed="True" result="Success" success="True" time="0.000" asserts="1" />
                  <test-case name="PersonalBudgeting.Tests.TestsLogicOfBudget.TestgetGrossIncomePerYear_NegativePeriod_ReturnException" executed="True" result="Success" success="True" time="0.001" asserts="0" />
                  <test-case name="PersonalBudgeting.Tests.TestsLogicOfBudget.TestgetGrossIncomePerYear_NullIncomeList_ReturnException" executed="True" result="Success" success="True" time="0.002" asserts="0" />
                  <test-case name="PersonalBudgeting.Tests.TestsLogicOfBudget.TestgetGrossIncomePerYear_zeroPeriod_ReturnException" executed="True" result="Success" success="True" time="0.001" asserts="0" />
                  <test-case name="PersonalBudgeting.Tests.TestsLogicOfBudget.TestgetNetIncomePerYearEmptyList" executed="True" result="Success" success="True" time="0.000" asserts="1" />
                  <test-case name="PersonalBudgeting.Tests.TestsLogicOfBudget.TestgetNetIncomePerYearNegativePayPerYear" executed="True" result="Success" success="True" time="0.001" asserts="0" />
                  <test-case name="PersonalBudgeting.Tests.TestsLogicOfBudget.TestgetNetIncomePerYearNegativeSuperannuationRate" executed="True" result="Success" success="True" time="0.001" asserts="0" />
                  <test-case name="PersonalBudgeting.Tests.TestsLogicOfBudget.TestgetNetIncomePerYearNegativeTaxRate" executed="True" result="Success" success="True" time="0.001" asserts="0" />
                  <test-case name="PersonalBudgeting.Tests.TestsLogicOfBudget.TestgetNetIncomePerYearNullIncomeList" executed="True" result="Success" success="True" time="0.001" asserts="0" />
                  <test-case name="PersonalBudgeting.Tests.TestsLogicOfBudget.TestgetNoOfPaysRequiredToAccomplishGoalAmountPerPayNegative" executed="True" result="Success" success="True" time="0.001" asserts="0" />
                  <test-case name="PersonalBudgeting.Tests.TestsLogicOfBudget.TestgetNoOfPaysRequiredToAccomplishGoalDivisionbyZero" executed="True" result="Success" success="True" time="0.001" asserts="0" />
                  <test-case name="PersonalBudgeting.Tests.TestsLogicOfBudget.TestgetRemainingAmountForSecondaryGoalsPerPayListOfExpenditureNull" executed="True" result="Success" success="True" time="0.002" asserts="0" />
                  <test-case name="PersonalBudgeting.Tests.TestsLogicOfBudget.TestgetRemainingAmountForSecondaryGoalsPerPayListOfIncomeNull" executed="True" result="Success" success="True" time="0.001" asserts="0" />
                  <test-case name="PersonalBudgeting.Tests.TestsLogicOfBudget.TestgetRemainingAmountForSecondaryGoalsPerPayNumberOFPayequalzero" executed="True" result="Success" success="True" time="0.001" asserts="0" />
                  <test-case name="PersonalBudgeting.Tests.TestsLogicOfBudget.TestgetRemainingAmountForSecondaryGoalsPerPayNumberOFPaylessthanzero" executed="True" result="Success" success="True" time="0.001" asserts="0" />
                  <test-case name="PersonalBudgeting.Tests.TestsLogicOfBudget.TestGetTotalExpenditurePerYear" executed="True" result="Success" success="True" time="0.000" asserts="1" />
                  <test-case name="PersonalBudgeting.Tests.TestsLogicOfBudget.TestGetTotalExpenditurePerYearForEmptyList" executed="True" result="Success" success="True" time="0.000" asserts="1" />
                  <test-case name="PersonalBudgeting.Tests.TestsLogicOfBudget.TestGetTotalExpenditurePerYearForEmptyListUsingNoOfPays" executed="True" result="Success" success="True" time="0.000" asserts="1" />
                  <test-case name="PersonalBudgeting.Tests.TestsLogicOfBudget.TestGetTotalExpenditurePerYearUsingNoOfPays" executed="True" result="Success" success="True" time="0.000" asserts="1" />
                  <test-case name="PersonalBudgeting.Tests.TestsLogicOfBudget.TestGetTotalExpenditurePerYearWithNegativeNoOfPays" executed="True" result="Success" success="True" time="0.002" asserts="0" />
                  <test-case name="PersonalBudgeting.Tests.TestsLogicOfBudget.TestGetTotalExpenditurePerYearWithNoOfPaysEqualsZero" executed="True" result="Success" success="True" time="0.001" asserts="0" />
                  <test-case name="PersonalBudgeting.Tests.TestsLogicOfBudget.TestGetTotalExpenditurePerYearWithNullList" executed="True" result="Success" success="True" time="0.001" asserts="0" />
                  <test-case name="PersonalBudgeting.Tests.TestsLogicOfBudget.TestGetTotalExpenditurePerYearWithNullListUsingNoOfPays" executed="True" result="Success" success="True" time="0.001" asserts="0" />
                  <test-case name="PersonalBudgeting.Tests.TestsLogicOfBudget.TestgetTotalExpenditureWithEmptyList" executed="True" result="Success" success="True" time="0.000" asserts="0" />
                  <test-case name="PersonalBudgeting.Tests.TestsLogicOfBudget.TestgetTotalExpenditureWithNullList" executed="True" result="Success" success="True" time="0.001" asserts="0" />
                  <test-case name="PersonalBudgeting.Tests.TestsLogicOfBudget.TestgoalPayableBeforeDeadline_1" executed="True" result="Success" success="True" time="0.002" asserts="1" />
                  <test-case name="PersonalBudgeting.Tests.TestsLogicOfBudget.TestgoalPayableBeforeDeadline_2" executed="True" result="Success" success="True" time="0.000" asserts="1" />
                  <test-case name="PersonalBudgeting.Tests.TestsLogicOfBudget.TestgoalPayableBeforeDeadlineDesiredAmountOutOfRange" executed="True" result="Success" success="True" time="0.001" asserts="0" />
                  <test-case name="PersonalBudgeting.Tests.TestsLogicOfBudget.TestNullSavingsAccount" executed="True" result="Success" success="True" time="0.002" asserts="0" />
                  <test-case name="PersonalBudgeting.Tests.TestsLogicOfBudget.TestRemoveFromSavingsForExpenses_RemoveAnAmountFromSavingForExpenses_AmountHasbeenRemoved" executed="True" result="Success" success="True" time="0.001" asserts="1" />
                  <test-case name="PersonalBudgeting.Tests.TestsLogicOfBudget.TestRemoveFromSavingsForExpenses_SavingsForExpensesIsZero_ReturnsFalse" executed="True" result="Success" success="True" time="0.000" asserts="1" />
                  <test-case name="PersonalBudgeting.Tests.TestsLogicOfBudget.TestRemoveFromSavingsForGoals_RemoveAnAmountToSavings_AmountRemoved" executed="True" result="Success" success="True" time="0.001" asserts="1" />
                  <test-case name="PersonalBudgeting.Tests.TestsLogicOfBudget.TestSaveForMainGoal_AmountForMainGoalPerPayGreaterThanAmountAvailableFroGorals_ReturnsFalse" executed="True" result="Success" success="True" time="0.001" asserts="1" />
                  <test-case name="PersonalBudgeting.Tests.TestsLogicOfBudget.TestTickAllWaleltTableItems_TickAllItemsandCheckAmountTicked_CorrectAmountTicked" executed="True" result="Success" success="True" time="0.001" asserts="1" />
                  <test-case name="PersonalBudgeting.Tests.TestsLogicOfBudget.TestWithdrawFromSavingsAccountGreaterThanAmountToRemove" executed="True" result="Success" success="True" time="0.001" asserts="0" />
                </results>
              </test-suite>
            </results>
          </test-suite>
        </results>
      </test-suite>
    </results>
  </test-suite>
</test-results>