<?xml version="1.0" encoding="utf-8" standalone="no"?>
<!--This file represents the results of running a test suite-->
<test-results name="C:\Users\User\Desktop\PersonalBudgeting\PersonalBudgeting.Tests\bin\Debug\PersonalBudgeting.Tests.dll" total="6" errors="0" failures="0" not-run="0" inconclusive="0" ignored="0" skipped="0" invalid="0" date="2014-06-18" time="11:08:47">
  <environment nunit-version="2.6.3.13283" clr-version="2.0.50727.5477" os-version="Microsoft Windows NT 6.1.7601 Service Pack 1" platform="Win32NT" cwd="C:\Users\User\Documents\Visual Studio 2013\Projects\NunitExample\packages\NUnit.Runners.2.6.3\tools" machine-name="PBIO-2269" user="User" user-domain="PBIO-2269" />
  <culture-info current-culture="en-US" current-uiculture="en-US" />
  <test-suite type="Assembly" name="C:\Users\User\Desktop\PersonalBudgeting\PersonalBudgeting.Tests\bin\Debug\PersonalBudgeting.Tests.dll" executed="True" result="Success" success="True" time="0.048" asserts="0">
    <results>
      <test-suite type="Namespace" name="PersonalBudgeting" executed="True" result="Success" success="True" time="0.048" asserts="0">
        <results>
          <test-suite type="Namespace" name="Tests" executed="True" result="Success" success="True" time="0.047" asserts="0">
            <results>
              <test-suite type="TestFixture" name="TestsAccuracyOfDALValues" executed="True" result="Success" success="True" time="0.047" asserts="0">
                <results>
                  <test-case name="PersonalBudgeting.Tests.TestsAccuracyOfDALValues.TestgetGrossIncomePerYearFor0Period" executed="True" result="Success" success="True" time="0.002" asserts="0" />
                  <test-case name="PersonalBudgeting.Tests.TestsAccuracyOfDALValues.TestgetGrossIncomePerYearFor12Months" executed="True" result="Success" success="True" time="0.026" asserts="1" />
                  <test-case name="PersonalBudgeting.Tests.TestsAccuracyOfDALValues.TestgetGrossIncomePerYearForNegativePeriod" executed="True" result="Success" success="True" time="0.001" asserts="0" />
                  <test-case name="PersonalBudgeting.Tests.TestsAccuracyOfDALValues.TestgetGrossIncomePerYearWithEmptyList" executed="True" result="Success" success="True" time="0.001" asserts="0" />
                  <test-case name="PersonalBudgeting.Tests.TestsAccuracyOfDALValues.TestgetGrossIncomePerYearWithNullList" executed="True" result="Success" success="True" time="0.001" asserts="0" />
                  <test-case name="PersonalBudgeting.Tests.TestsAccuracyOfDALValues.TestVerifyTotalIncome" executed="True" result="Success" success="True" time="0.000" asserts="1" />
                </results>
              </test-suite>
            </results>
          </test-suite>
        </results>
      </test-suite>
    </results>
  </test-suite>
</test-results>