<?xml version="1.0" encoding="utf-8" standalone="no"?>
<!--This file represents the results of running a test suite-->
<test-results name="C:\Users\user\Documents\GitHub\PersonalBudgeting\PersonalBudgeting.Tests\bin\Debug\PersonalBudgeting.Tests.dll" total="1" errors="0" failures="1" not-run="0" inconclusive="0" ignored="0" skipped="0" invalid="0" date="2014-06-24" time="23:16:45">
  <environment nunit-version="2.6.3.13283" clr-version="2.0.50727.5477" os-version="Microsoft Windows NT 6.1.7601 Service Pack 1" platform="Win32NT" cwd="C:\Program Files (x86)\NUnit 2.6.3\bin" machine-name="PBIO-2331" user="user" user-domain="PBIO-2331" />
  <culture-info current-culture="en-US" current-uiculture="en-US" />
  <test-suite type="Assembly" name="C:\Users\user\Documents\GitHub\PersonalBudgeting\PersonalBudgeting.Tests\bin\Debug\PersonalBudgeting.Tests.dll" executed="True" result="Failure" success="False" time="0.077" asserts="0">
    <results>
      <test-suite type="Namespace" name="PersonalBudgeting" executed="True" result="Failure" success="False" time="0.058" asserts="0">
        <results>
          <test-suite type="Namespace" name="Tests" executed="True" result="Failure" success="False" time="0.058" asserts="0">
            <results>
              <test-suite type="TestFixture" name="RealLifeScenariosTests" executed="True" result="Error" success="False" time="0.053" asserts="0">
                <failure>
                  <message><![CDATA[SetUp : System.NullReferenceException : Object reference not set to an instance of an object.]]></message>
                  <stack-trace><![CDATA[at PersonalBudgeting.Tests.RealLifeScenariosTests.TestStepUp() in c:\Users\user\Documents\GitHub\PersonalBudgeting\PersonalBudgeting.Tests\RealLifeScenariosTests.cs:line 42
]]></stack-trace>
                </failure>
                <results>
                  <test-case name="PersonalBudgeting.Tests.RealLifeScenariosTests.TestCalculateBudget_NormalScenario_Successful" executed="True" result="Failure" success="False" time="0.000" asserts="0">
                    <failure>
                      <message><![CDATA[TestFixtureSetUp failed in RealLifeScenariosTests]]></message>
                      <stack-trace />
                    </failure>
                  </test-case>
                </results>
              </test-suite>
            </results>
          </test-suite>
        </results>
      </test-suite>
    </results>
  </test-suite>
</test-results>